<?xml version="1.0" encoding="UTF-8" ?>
<testsuites>
  <testsuite errors="1" failures="0" hostname="YOSIG01" id="0" name="Filter" package="org.junit.runner.manipulation" tests="1" time="0.068" timestamp="2014-10-20T16:43:34">
      <properties />

      <testcase classname="org.junit.runner.manipulation.Filter" name="initializationError" time="0.065">
          <error message="No tests found matching grails test target pattern filter from org.junit.runner.Request$1@65931596" type="java.lang.Exception">java.lang.Exception: No tests found matching grails test target pattern filter from org.junit.runner.Request$1@65931596
</error>

      </testcase>

      <system-out><![CDATA[--Output from initializationError--
]]></system-out>

      <system-err><![CDATA[--Output from initializationError--
]]></system-err>

  </testsuite>
</testsuites>
